frontend/build/app/outputs/mapping/release/seeds.txt
com.example.flutter_application_1.MainActivity
com.example.flutter_application_1.MainActivity: MainActivity()
...
androidx.window.layout.WindowInfoTrackerDecorator
io.flutter.embedding.engine.mutatorsstack.FlutterMutatorsStack
androidx.window.layout.SidecarWindowBackend$WindowLayoutChangeCallbackWrapper
androidx.window.layout.HardwareFoldingFeature
androidx.savedstate.Recreator
androidx.window.embedding.EmbeddingInterfaceCompat$EmbeddingCallbackInterface
androidx.window.embedding.EmptyEmbeddingComponent
androidx.window.layout.WindowMetricsCalculator$Companion$decorator$1
androidx.window.layout.HardwareFoldingFeature$Companion
io.flutter.embedding.engine.FlutterJNI
androidx.window.embedding.SplitPlaceholderRule
io.flutter.plugin.platform.SingleViewPresentation
androidx.window.embedding.EmbeddingCompat$Companion
android.support.v4.app.RemoteActionCompatParcelizer
androidx.fragment.app.Fragment$2
androidx.activity.ComponentActivity$3
androidx.versionedparcelable.ParcelImpl
androidx.savedstate.SavedStateRegistry$1
androidx.versionedparcelable.CustomVersionedParcelable
android.support.v4.graphics.drawable.IconCompatParcelizer
io.flutter.embedding.engine.FlutterOverlaySurface
io.flutter.plugin.editing.ImeSyncDeferringInsetsCallback$AnimationCallback
androidx.window.layout.FoldingFeature$OcclusionType$Companion
androidx.window.embedding.SplitPairRule
androidx.window.layout.FoldingFeature$State$Companion
androidx.window.layout.ActivityCompatHelperApi30
androidx.window.core.Version$bigInteger$2
kotlin.coroutines.jvm.internal.BaseContinuationImpl
androidx.window.embedding.SplitController$Companion
androidx.window.embedding.ExtensionEmbeddingBackend$SplitListenerWrapper
com.google.crypto.tink.proto.AesGcmKey: int KEY_VALUE_FIELD_NUMBER
com.google.crypto.tink.proto.AesEaxKey: int KEY_VALUE_FIELD_NUMBER
androidx.window.layout.FoldingFeature$OcclusionType: androidx.window.layout.FoldingFeature$OcclusionType FULL
kotlin.coroutines.AbstractCoroutineContextElement: kotlin.coroutines.CoroutineContext$Key key
androidx.window.layout.SidecarCompat$DistinctElementCallback: java.util.WeakHashMap activityWindowLayoutInfo
com.google.crypto.tink.proto.Keyset$Key: int KEY_DATA_FIELD_NUMBER
com.google.crypto.tink.proto.AesCtrHmacAeadKey: int version_
com.google.crypto.tink.proto.KeyTypeEntry: boolean newKeyAllowed_
com.google.crypto.tink.proto.HmacKey: int KEY_VALUE_FIELD_NUMBER
kotlinx.coroutines.scheduling.CoroutineScheduler: long controlState
androidx.window.layout.FoldingFeature$Orientation: androidx.window.layout.FoldingFeature$Orientation$Companion Companion
com.google.crypto.tink.proto.AesCtrKey: com.google.crypto.tink.proto.AesCtrParams params_
com.google.crypto.tink.proto.HmacParams: int HASH_FIELD_NUMBER
androidx.window.layout.WindowMetricsCalculator$Companion$decorator$1: androidx.window.layout.WindowMetricsCalculator$Companion$decorator$1 INSTANCE
com.google.crypto.tink.proto.Keyset$Key: int KEY_ID_FIELD_NUMBER
androidx.window.layout.SidecarCompat: java.util.Map componentCallbackMap
kotlinx.coroutines.internal.LockFreeTaskQueueCore: long _state
com.google.crypto.tink.proto.AesCmacKey: com.google.crypto.tink.proto.AesCmacParams params_
androidx.window.embedding.ExtensionEmbeddingBackend: androidx.window.embedding.EmbeddingInterfaceCompat embeddingExtension
com.google.crypto.tink.proto.XChaCha20Poly1305Key: com.google.crypto.tink.shaded.protobuf.ByteString keyValue_
androidx.window.R$attr: int splitMinSmallestWidth
com.google.crypto.tink.shaded.protobuf.GeneratedMessageLite: int memoizedSerializedSize
androidx.window.layout.FoldingFeature$Orientation: androidx.window.layout.FoldingFeature$Orientation HORIZONTAL
androidx.window.layout.SidecarCompat: androidx.window.layout.ExtensionInterfaceCompat$ExtensionCallbackInterface extensionCallback
androidx.window.layout.HardwareFoldingFeature$Type: androidx.window.layout.HardwareFoldingFeature$Type HINGE
androidx.window.R$attr: int splitMinWidth
com.google.crypto.tink.proto.HmacKey: com.google.crypto.tink.proto.HmacKey DEFAULT_INSTANCE
androidx.window.R$attr: int activityAction