frontend/build/app/outputs/mapping/release/mapping.txt
# compiler: R8
# compiler_version: 3.1.66
# min_api: 18
# pg_map_id: 4916301
# common_typos_disable
# {"id":"com.android.tools.r8.mapping","version":"1.0"}
...
io.flutter.plugin.mouse.MouseCursorPlugin$2 -> n0.a$b:
    io.flutter.plugin.mouse.MouseCursorPlugin this$0 -> d
io.flutter.plugin.mouse.MouseCursorPlugin$MouseCursorViewDelegate -> n0.a$c:
    android.view.PointerIcon getSystemPointerIcon(int) -> c
io.flutter.plugin.platform.AccessibilityEventsDelegate -> io.flutter.plugin.platform.a:
    io.flutter.view.AccessibilityBridge accessibilityBridge -> a
    boolean onAccessibilityHoverEvent(android.view.MotionEvent,boolean) -> a
    boolean requestSendAccessibilityEvent(android.view.View,android.view.View,android.view.accessibility.AccessibilityEvent) -> b
    void setAccessibilityBridge(io.flutter.view.AccessibilityBridge) -> c
io.flutter.plugin.platform.PlatformOverlayView -> io.flutter.plugin.platform.b:
    io.flutter.plugin.platform.AccessibilityEventsDelegate accessibilityDelegate -> g
io.flutter.plugin.platform.PlatformPlugin -> io.flutter.plugin.platform.c:
    io.flutter.plugin.platform.PlatformPlugin$PlatformPluginDelegate platformPluginDelegate -> c
    io.flutter.embedding.engine.systemchannels.PlatformChannel$SystemChromeStyle currentTheme -> d
    io.flutter.embedding.engine.systemchannels.PlatformChannel$PlatformMessageHandler mPlatformMessageHandler -> f
    int mEnabledOverlays -> e
    android.app.Activity activity -> a
    io.flutter.embedding.engine.systemchannels.PlatformChannel platformChannel -> b
    void setSystemChromePreferredOrientations(int) -> A
    void setSystemChromeSystemUIOverlayStyle(io.flutter.embedding.engine.systemchannels.PlatformChannel$SystemChromeStyle) -> B
    void updateSystemUiOverlays() -> C
    void vibrateHapticFeedback(io.flutter.embedding.engine.systemchannels.PlatformChannel$HapticFeedbackType) -> D
    void access$000(io.flutter.plugin.platform.PlatformPlugin,io.flutter.embedding.engine.systemchannels.PlatformChannel$SoundType) -> a
    void access$100(io.flutter.plugin.platform.PlatformPlugin,int) -> b
    java.lang.CharSequence access$1000(io.flutter.plugin.platform.PlatformPlugin,io.flutter.embedding.engine.systemchannels.PlatformChannel$ClipboardContentFormat) -> c
    void access$1100(io.flutter.plugin.platform.PlatformPlugin,java.lang.String) -> d
    boolean access$1200(io.flutter.plugin.platform.PlatformPlugin) -> e
io.flutter.plugin.platform.PlatformPlugin$1 -> io.flutter.plugin.platform.c$a:
    io.flutter.plugin.platform.PlatformPlugin this$0 -> a
    void popSystemNavigator() -> a
    void setSystemUiChangeListener() -> b
    void playSystemSound(io.flutter.embedding.engine.systemchannels.PlatformChannel$SoundType) -> c
    void restoreSystemUiOverlays() -> d
    void setFrameworkHandlesBack(boolean) -> e
    void setClipboardData(java.lang.String) -> f
    void showSystemUiMode(io.flutter.embedding.engine.systemchannels.PlatformChannel$SystemUiMode) -> g
    void setSystemUiOverlayStyle(io.flutter.embedding.engine.systemchannels.PlatformChannel$SystemChromeStyle) -> h
    java.lang.CharSequence getClipboardData(io.flutter.embedding.engine.systemchannels.PlatformChannel$ClipboardContentFormat) -> i
    void setApplicationSwitcherDescription(io.flutter.embedding.engine.systemchannels.PlatformChannel$AppSwitcherDescription) -> j
    void setPreferredOrientations(int) -> k
    void showSystemOverlays(java.util.List) -> l
    boolean clipboardHasStrings() -> m
    void vibrateHapticFeedback(io.flutter.embedding.engine.systemchannels.PlatformChannel$HapticFeedbackType) -> n
io.flutter.plugin.platform.PlatformPlugin$2 -> io.flutter.plugin.platform.c$b:
    io.flutter.plugin.platform.PlatformPlugin this$0 -> b
    android.view.View val$decorView -> a
    void $r8$lambda$9FqC1sSWYJ_hsKn0VYLiRoem8So(io.flutter.plugin.platform.PlatformPlugin$2,int) -> a
      # {"id":"com.android.tools.r8.synthesized"}
    void lambda$onSystemUiVisibilityChange$0(int) -> b