frontend/build/app/outputs/mapping/release/usage.txt
com.example.flutter_application_1.BuildConfig
com.example.flutter_application_1.R$attr
com.example.flutter_application_1.R$color
com.example.flutter_application_1.R$dimen
com.example.flutter_application_1.R$drawable
com.example.flutter_application_1.R$id
com.example.flutter_application_1.R$integer
com.example.flutter_application_1.R$layout
com.example.flutter_application_1.R$mipmap
com.example.flutter_application_1.R$string
com.example.flutter_application_1.R$style
com.example.flutter_application_1.R$styleable
com.example.flutter_application_1.R
...
com.google.crypto.tink.proto.AesCtrKey:
    static synthetic void access$200(com.google.crypto.tink.proto.AesCtrKey)
    static synthetic void access$400(com.google.crypto.tink.proto.AesCtrKey,com.google.crypto.tink.proto.AesCtrParams)
    static synthetic void access$500(com.google.crypto.tink.proto.AesCtrKey)
    static synthetic void access$700(com.google.crypto.tink.proto.AesCtrKey)
    private void clearKeyValue()
    private void clearParams()
    private void clearVersion()
    public boolean hasParams()
    private void mergeParams(com.google.crypto.tink.proto.AesCtrParams)
    public static com.google.crypto.tink.proto.AesCtrKey$Builder newBuilder(com.google.crypto.tink.proto.AesCtrKey)
    public static com.google.crypto.tink.proto.AesCtrKey parseDelimitedFrom(java.io.InputStream)
    public static com.google.crypto.tink.proto.AesCtrKey parseDelimitedFrom(java.io.InputStream,com.google.crypto.tink.shaded.protobuf.ExtensionRegistryLite)
    public static com.google.crypto.tink.proto.AesCtrKey parseFrom(com.google.crypto.tink.shaded.protobuf.ByteString)
    public static com.google.crypto.tink.proto.AesCtrKey parseFrom(com.google.crypto.tink.shaded.protobuf.CodedInputStream)
    public static com.google.crypto.tink.proto.AesCtrKey parseFrom(com.google.crypto.tink.shaded.protobuf.CodedInputStream,com.google.crypto.tink.shaded.protobuf.ExtensionRegistryLite)
    public static com.google.crypto.tink.proto.AesCtrKey parseFrom(java.io.InputStream)
com.google.crypto.tink.proto.AesCtrKeyFormat$Builder:
    public com.google.crypto.tink.proto.AesCtrKeyFormat$Builder clearKeySize()
    public com.google.crypto.tink.proto.AesCtrKeyFormat$Builder clearParams()
    public int getKeySize()
    public com.google.crypto.tink.proto.AesCtrParams getParams()
    public boolean hasParams()
    public com.google.crypto.tink.proto.AesCtrKeyFormat$Builder mergeParams(com.google.crypto.tink.proto.AesCtrParams)
    public com.google.crypto.tink.proto.AesCtrKeyFormat$Builder setKeySize(int)
    public com.google.crypto.tink.proto.AesCtrKeyFormat$Builder setParams(com.google.crypto.tink.proto.AesCtrParams$Builder)
    public com.google.crypto.tink.proto.AesCtrKeyFormat$Builder setParams(com.google.crypto.tink.proto.AesCtrParams)
com.google.crypto.tink.proto.AesCtrKeyFormat:
    static synthetic void access$100(com.google.crypto.tink.proto.AesCtrKeyFormat,com.google.crypto.tink.proto.AesCtrParams)
    static synthetic void access$200(com.google.crypto.tink.proto.AesCtrKeyFormat,com.google.crypto.tink.proto.AesCtrParams)
    static synthetic void access$300(com.google.crypto.tink.proto.AesCtrKeyFormat)
    static synthetic void access$400(com.google.crypto.tink.proto.AesCtrKeyFormat,int)
    static synthetic void access$500(com.google.crypto.tink.proto.AesCtrKeyFormat)
    private void clearKeySize()
    private void clearParams()
    public boolean hasParams()
    private void mergeParams(com.google.crypto.tink.proto.AesCtrParams)
    public static com.google.crypto.tink.proto.AesCtrKeyFormat$Builder newBuilder()
    public static com.google.crypto.tink.proto.AesCtrKeyFormat$Builder newBuilder(com.google.crypto.tink.proto.AesCtrKeyFormat)
    public static com.google.crypto.tink.proto.AesCtrKeyFormat parseDelimitedFrom(java.io.InputStream)
    public static com.google.crypto.tink.proto.AesCtrKeyFormat parseDelimitedFrom(java.io.InputStream,com.google.crypto.tink.shaded.protobuf.ExtensionRegistryLite)
    public static com.google.crypto.tink.proto.AesCtrKeyFormat parseFrom(com.google.crypto.tink.shaded.protobuf.ByteString)
    public static com.google.crypto.tink.proto.AesCtrKeyFormat parseFrom(com.google.crypto.tink.shaded.protobuf.CodedInputStream)
com.google.crypto.tink.proto.AesCtrKeyFormatOrBuilder
com.google.crypto.tink.proto.AesCtrKeyOrBuilder